102.01.01 21:15 B c:\windows\desktop\ThemePack\xmb3\arrow_dw.gif <-- forums.xmbforum.com /home/xmbforum.com/www/htdocs/xmb/images/xmb3 arrow_dw.gif
102.01.01 21:15 B c:\windows\desktop\ThemePack\xmb3\arrow_up.gif <-- forums.xmbforum.com /home/xmbforum.com/www/htdocs/xmb/images/xmb3 arrow_up.gif
102.01.01 21:15 B c:\windows\desktop\ThemePack\xmb3\bb_bold.gif <-- forums.xmbforum.com /home/xmbforum.com/www/htdocs/xmb/images/xmb3 bb_bold.gif
102.01.01 21:15 B c:\windows\desktop\ThemePack\xmb3\bb_center.gif <-- forums.xmbforum.com /home/xmbforum.com/www/htdocs/xmb/images/xmb3 bb_center.gif
102.01.01 21:15 B c:\windows\desktop\ThemePack\xmb3\bb_code.gif <-- forums.xmbforum.com /home/xmbforum.com/www/htdocs/xmb/images/xmb3 bb_code.gif
102.01.01 21:15 B c:\windows\desktop\ThemePack\xmb3\bb_email.gif <-- forums.xmbforum.com /home/xmbforum.com/www/htdocs/xmb/images/xmb3 bb_email.gif
102.01.01 21:15 B c:\windows\desktop\ThemePack\xmb3\bb_image.gif <-- forums.xmbforum.com /home/xmbforum.com/www/htdocs/xmb/images/xmb3 bb_image.gif
102.01.01 21:15 B c:\windows\desktop\ThemePack\xmb3\bb_italicize.gif <-- forums.xmbforum.com /home/xmbforum.com/www/htdocs/xmb/images/xmb3 bb_italicize.gif
102.01.01 21:15 B c:\windows\desktop\ThemePack\xmb3\bb_list.gif <-- forums.xmbforum.com /home/xmbforum.com/www/htdocs/xmb/images/xmb3 bb_list.gif
102.01.01 21:15 B c:\windows\desktop\ThemePack\xmb3\bb_quote.gif <-- forums.xmbforum.com /home/xmbforum.com/www/htdocs/xmb/images/xmb3 bb_quote.gif
102.01.01 21:15 B c:\windows\desktop\ThemePack\xmb3\bb_underline.gif <-- forums.xmbforum.com /home/xmbforum.com/www/htdocs/xmb/images/xmb3 bb_underline.gif
102.01.01 21:15 B c:\windows\desktop\ThemePack\xmb3\bb_url.gif <-- forums.xmbforum.com /home/xmbforum.com/www/htdocs/xmb/images/xmb3 bb_url.gif
102.01.01 21:15 B c:\windows\desktop\ThemePack\xmb3\dot_folder.gif <-- forums.xmbforum.com /home/xmbforum.com/www/htdocs/xmb/images/xmb3 dot_folder.gif
102.01.01 21:15 B c:\windows\desktop\ThemePack\xmb3\dot_hot_folder.gif <-- forums.xmbforum.com /home/xmbforum.com/www/htdocs/xmb/images/xmb3 dot_hot_folder.gif
102.01.01 21:15 B c:\windows\desktop\ThemePack\xmb3\dot_hot_red_folder.gif <-- forums.xmbforum.com /home/xmbforum.com/www/htdocs/xmb/images/xmb3 dot_hot_red_folder.gif
102.01.01 21:15 B c:\windows\desktop\ThemePack\xmb3\dot_red_folder.gif <-- forums.xmbforum.com /home/xmbforum.com/www/htdocs/xmb/images/xmb3 dot_red_folder.gif
102.01.01 21:15 B c:\windows\desktop\ThemePack\xmb3\edit.gif <-- forums.xmbforum.com /home/xmbforum.com/www/htdocs/xmb/images/xmb3 edit.gif
102.01.01 21:15 B c:\windows\desktop\ThemePack\xmb3\email.gif <-- forums.xmbforum.com /home/xmbforum.com/www/htdocs/xmb/images/xmb3 email.gif
102.01.01 21:15 B c:\windows\desktop\ThemePack\xmb3\find.gif <-- forums.xmbforum.com /home/xmbforum.com/www/htdocs/xmb/images/xmb3 find.gif
102.01.01 21:15 B c:\windows\desktop\ThemePack\xmb3\folder.gif <-- forums.xmbforum.com /home/xmbforum.com/www/htdocs/xmb/images/xmb3 folder.gif
102.01.01 21:15 B c:\windows\desktop\ThemePack\xmb3\hot_folder.gif <-- forums.xmbforum.com /home/xmbforum.com/www/htdocs/xmb/images/xmb3 hot_folder.gif
102.01.01 21:15 B c:\windows\desktop\ThemePack\xmb3\hot_red_folder.gif <-- forums.xmbforum.com /home/xmbforum.com/www/htdocs/xmb/images/xmb3 hot_red_folder.gif
102.01.01 21:15 B c:\windows\desktop\ThemePack\xmb3\ip.gif <-- forums.xmbforum.com /home/xmbforum.com/www/htdocs/xmb/images/xmb3 ip.gif
102.01.01 21:15 B c:\windows\desktop\ThemePack\xmb3\lastpost.gif <-- forums.xmbforum.com /home/xmbforum.com/www/htdocs/xmb/images/xmb3 lastpost.gif
102.01.01 21:15 B c:\windows\desktop\ThemePack\xmb3\lock_folder.gif <-- forums.xmbforum.com /home/xmbforum.com/www/htdocs/xmb/images/xmb3 lock_folder.gif
102.01.01 21:15 B c:\windows\desktop\ThemePack\xmb3\logo.jpg <-- forums.xmbforum.com /home/xmbforum.com/www/htdocs/xmb/images/xmb3 logo.jpg
102.01.01 21:15 B c:\windows\desktop\ThemePack\xmb3\newtopic.gif <-- forums.xmbforum.com /home/xmbforum.com/www/htdocs/xmb/images/xmb3 newtopic.gif
102.01.01 21:15 B c:\windows\desktop\ThemePack\xmb3\online.gif <-- forums.xmbforum.com /home/xmbforum.com/www/htdocs/xmb/images/xmb3 online.gif
102.01.01 21:15 B c:\windows\desktop\ThemePack\xmb3\pin.gif <-- forums.xmbforum.com /home/xmbforum.com/www/htdocs/xmb/images/xmb3 pin.gif
102.01.01 21:15 B c:\windows\desktop\ThemePack\xmb3\poll.gif <-- forums.xmbforum.com /home/xmbforum.com/www/htdocs/xmb/images/xmb3 poll.gif
102.01.01 21:15 B c:\windows\desktop\ThemePack\xmb3\pollbar-e.gif <-- forums.xmbforum.com /home/xmbforum.com/www/htdocs/xmb/images/xmb3 pollbar-e.gif
102.01.01 21:15 B c:\windows\desktop\ThemePack\xmb3\pollbar-s.gif <-- forums.xmbforum.com /home/xmbforum.com/www/htdocs/xmb/images/xmb3 pollbar-s.gif
102.01.01 21:15 B c:\windows\desktop\ThemePack\xmb3\pollbar.gif <-- forums.xmbforum.com /home/xmbforum.com/www/htdocs/xmb/images/xmb3 pollbar.gif
102.01.01 21:15 B c:\windows\desktop\ThemePack\xmb3\pollsmall.gif <-- forums.xmbforum.com /home/xmbforum.com/www/htdocs/xmb/images/xmb3 pollsmall.gif
102.01.01 21:15 B c:\windows\desktop\ThemePack\xmb3\profile.gif <-- forums.xmbforum.com /home/xmbforum.com/www/htdocs/xmb/images/xmb3 profile.gif
102.01.01 21:15 B c:\windows\desktop\ThemePack\xmb3\quote.gif <-- forums.xmbforum.com /home/xmbforum.com/www/htdocs/xmb/images/xmb3 quote.gif
102.01.01 21:15 B c:\windows\desktop\ThemePack\xmb3\red_folder.gif <-- forums.xmbforum.com /home/xmbforum.com/www/htdocs/xmb/images/xmb3 red_folder.gif
102.01.01 21:15 B c:\windows\desktop\ThemePack\xmb3\reply.gif <-- forums.xmbforum.com /home/xmbforum.com/www/htdocs/xmb/images/xmb3 reply.gif
102.01.01 21:15 B c:\windows\desktop\ThemePack\xmb3\report.gif <-- forums.xmbforum.com /home/xmbforum.com/www/htdocs/xmb/images/xmb3 report.gif
102.01.01 21:15 B c:\windows\desktop\ThemePack\xmb3\site.gif <-- forums.xmbforum.com /home/xmbforum.com/www/htdocs/xmb/images/xmb3 site.gif
102.01.01 21:15 B c:\windows\desktop\ThemePack\xmb3\star.gif <-- forums.xmbforum.com /home/xmbforum.com/www/htdocs/xmb/images/xmb3 star.gif
102.01.01 21:15 B c:\windows\desktop\ThemePack\xmb3\starstaff.gif <-- forums.xmbforum.com /home/xmbforum.com/www/htdocs/xmb/images/xmb3 starstaff.gif
102.01.01 21:15 B c:\windows\desktop\ThemePack\xmb3\u2u.gif <-- forums.xmbforum.com /home/xmbforum.com/www/htdocs/xmb/images/xmb3 u2u.gif
102.01.01 21:15 B c:\windows\desktop\ThemePack\xmb3\vote.gif <-- forums.xmbforum.com /home/xmbforum.com/www/htdocs/xmb/images/xmb3 vote.gif
