102.01.01 21:13 B c:\windows\desktop\ThemePack\xmb1b\arrow_dw.gif <-- forums.xmbforum.com /home/xmbforum.com/www/htdocs/xmb/images/xmb1b arrow_dw.gif
102.01.01 21:13 B c:\windows\desktop\ThemePack\xmb1b\arrow_up.gif <-- forums.xmbforum.com /home/xmbforum.com/www/htdocs/xmb/images/xmb1b arrow_up.gif
102.01.01 21:13 B c:\windows\desktop\ThemePack\xmb1b\backgroundb.gif <-- forums.xmbforum.com /home/xmbforum.com/www/htdocs/xmb/images/xmb1b backgroundb.gif
102.01.01 21:13 B c:\windows\desktop\ThemePack\xmb1b\bb_bold.gif <-- forums.xmbforum.com /home/xmbforum.com/www/htdocs/xmb/images/xmb1b bb_bold.gif
102.01.01 21:13 B c:\windows\desktop\ThemePack\xmb1b\bb_center.gif <-- forums.xmbforum.com /home/xmbforum.com/www/htdocs/xmb/images/xmb1b bb_center.gif
102.01.01 21:13 B c:\windows\desktop\ThemePack\xmb1b\bb_code.gif <-- forums.xmbforum.com /home/xmbforum.com/www/htdocs/xmb/images/xmb1b bb_code.gif
102.01.01 21:13 B c:\windows\desktop\ThemePack\xmb1b\bb_email.gif <-- forums.xmbforum.com /home/xmbforum.com/www/htdocs/xmb/images/xmb1b bb_email.gif
102.01.01 21:13 B c:\windows\desktop\ThemePack\xmb1b\bb_image.gif <-- forums.xmbforum.com /home/xmbforum.com/www/htdocs/xmb/images/xmb1b bb_image.gif
102.01.01 21:13 B c:\windows\desktop\ThemePack\xmb1b\bb_italicize.gif <-- forums.xmbforum.com /home/xmbforum.com/www/htdocs/xmb/images/xmb1b bb_italicize.gif
102.01.01 21:14 B c:\windows\desktop\ThemePack\xmb1b\bb_list.gif <-- forums.xmbforum.com /home/xmbforum.com/www/htdocs/xmb/images/xmb1b bb_list.gif
102.01.01 21:14 B c:\windows\desktop\ThemePack\xmb1b\bb_quote.gif <-- forums.xmbforum.com /home/xmbforum.com/www/htdocs/xmb/images/xmb1b bb_quote.gif
102.01.01 21:14 B c:\windows\desktop\ThemePack\xmb1b\bb_underline.gif <-- forums.xmbforum.com /home/xmbforum.com/www/htdocs/xmb/images/xmb1b bb_underline.gif
102.01.01 21:14 B c:\windows\desktop\ThemePack\xmb1b\bb_url.gif <-- forums.xmbforum.com /home/xmbforum.com/www/htdocs/xmb/images/xmb1b bb_url.gif
102.01.01 21:14 B c:\windows\desktop\ThemePack\xmb1b\dot_folder.gif <-- forums.xmbforum.com /home/xmbforum.com/www/htdocs/xmb/images/xmb1b dot_folder.gif
102.01.01 21:14 B c:\windows\desktop\ThemePack\xmb1b\dot_hot_folder.gif <-- forums.xmbforum.com /home/xmbforum.com/www/htdocs/xmb/images/xmb1b dot_hot_folder.gif
102.01.01 21:14 B c:\windows\desktop\ThemePack\xmb1b\dot_hot_red_folder.gif <-- forums.xmbforum.com /home/xmbforum.com/www/htdocs/xmb/images/xmb1b dot_hot_red_folder.gif
102.01.01 21:14 B c:\windows\desktop\ThemePack\xmb1b\dot_red_folder.gif <-- forums.xmbforum.com /home/xmbforum.com/www/htdocs/xmb/images/xmb1b dot_red_folder.gif
102.01.01 21:14 B c:\windows\desktop\ThemePack\xmb1b\edit.gif <-- forums.xmbforum.com /home/xmbforum.com/www/htdocs/xmb/images/xmb1b edit.gif
102.01.01 21:14 B c:\windows\desktop\ThemePack\xmb1b\email.gif <-- forums.xmbforum.com /home/xmbforum.com/www/htdocs/xmb/images/xmb1b email.gif
102.01.01 21:14 B c:\windows\desktop\ThemePack\xmb1b\find.gif <-- forums.xmbforum.com /home/xmbforum.com/www/htdocs/xmb/images/xmb1b find.gif
102.01.01 21:14 B c:\windows\desktop\ThemePack\xmb1b\folder.gif <-- forums.xmbforum.com /home/xmbforum.com/www/htdocs/xmb/images/xmb1b folder.gif
102.01.01 21:14 B c:\windows\desktop\ThemePack\xmb1b\hot_folder.gif <-- forums.xmbforum.com /home/xmbforum.com/www/htdocs/xmb/images/xmb1b hot_folder.gif
102.01.01 21:14 B c:\windows\desktop\ThemePack\xmb1b\hot_red_folder.gif <-- forums.xmbforum.com /home/xmbforum.com/www/htdocs/xmb/images/xmb1b hot_red_folder.gif
102.01.01 21:14 B c:\windows\desktop\ThemePack\xmb1b\ip.gif <-- forums.xmbforum.com /home/xmbforum.com/www/htdocs/xmb/images/xmb1b ip.gif
102.01.01 21:14 B c:\windows\desktop\ThemePack\xmb1b\lastpost.gif <-- forums.xmbforum.com /home/xmbforum.com/www/htdocs/xmb/images/xmb1b lastpost.gif
102.01.01 21:14 B c:\windows\desktop\ThemePack\xmb1b\lock_folder.gif <-- forums.xmbforum.com /home/xmbforum.com/www/htdocs/xmb/images/xmb1b lock_folder.gif
102.01.01 21:14 B c:\windows\desktop\ThemePack\xmb1b\logo.jpg <-- forums.xmbforum.com /home/xmbforum.com/www/htdocs/xmb/images/xmb1b logo.jpg
102.01.01 21:14 B c:\windows\desktop\ThemePack\xmb1b\newtopic.gif <-- forums.xmbforum.com /home/xmbforum.com/www/htdocs/xmb/images/xmb1b newtopic.gif
102.01.01 21:14 B c:\windows\desktop\ThemePack\xmb1b\online.gif <-- forums.xmbforum.com /home/xmbforum.com/www/htdocs/xmb/images/xmb1b online.gif
102.01.01 21:14 B c:\windows\desktop\ThemePack\xmb1b\pin.gif <-- forums.xmbforum.com /home/xmbforum.com/www/htdocs/xmb/images/xmb1b pin.gif
102.01.01 21:14 B c:\windows\desktop\ThemePack\xmb1b\poll.gif <-- forums.xmbforum.com /home/xmbforum.com/www/htdocs/xmb/images/xmb1b poll.gif
102.01.01 21:14 B c:\windows\desktop\ThemePack\xmb1b\pollbar-e.gif <-- forums.xmbforum.com /home/xmbforum.com/www/htdocs/xmb/images/xmb1b pollbar-e.gif
102.01.01 21:14 B c:\windows\desktop\ThemePack\xmb1b\pollbar-s.gif <-- forums.xmbforum.com /home/xmbforum.com/www/htdocs/xmb/images/xmb1b pollbar-s.gif
102.01.01 21:14 B c:\windows\desktop\ThemePack\xmb1b\pollbar.gif <-- forums.xmbforum.com /home/xmbforum.com/www/htdocs/xmb/images/xmb1b pollbar.gif
102.01.01 21:14 B c:\windows\desktop\ThemePack\xmb1b\pollsmall.gif <-- forums.xmbforum.com /home/xmbforum.com/www/htdocs/xmb/images/xmb1b pollsmall.gif
102.01.01 21:14 B c:\windows\desktop\ThemePack\xmb1b\powered.gif <-- forums.xmbforum.com /home/xmbforum.com/www/htdocs/xmb/images/xmb1b powered.gif
102.01.01 21:14 B c:\windows\desktop\ThemePack\xmb1b\profile.gif <-- forums.xmbforum.com /home/xmbforum.com/www/htdocs/xmb/images/xmb1b profile.gif
102.01.01 21:14 B c:\windows\desktop\ThemePack\xmb1b\quote.gif <-- forums.xmbforum.com /home/xmbforum.com/www/htdocs/xmb/images/xmb1b quote.gif
102.01.01 21:14 B c:\windows\desktop\ThemePack\xmb1b\red_folder.gif <-- forums.xmbforum.com /home/xmbforum.com/www/htdocs/xmb/images/xmb1b red_folder.gif
102.01.01 21:14 B c:\windows\desktop\ThemePack\xmb1b\reply.gif <-- forums.xmbforum.com /home/xmbforum.com/www/htdocs/xmb/images/xmb1b reply.gif
102.01.01 21:14 B c:\windows\desktop\ThemePack\xmb1b\report.gif <-- forums.xmbforum.com /home/xmbforum.com/www/htdocs/xmb/images/xmb1b report.gif
102.01.01 21:14 B c:\windows\desktop\ThemePack\xmb1b\site.gif <-- forums.xmbforum.com /home/xmbforum.com/www/htdocs/xmb/images/xmb1b site.gif
102.01.01 21:14 B c:\windows\desktop\ThemePack\xmb1b\star.gif <-- forums.xmbforum.com /home/xmbforum.com/www/htdocs/xmb/images/xmb1b star.gif
102.01.01 21:14 B c:\windows\desktop\ThemePack\xmb1b\starstaff.gif <-- forums.xmbforum.com /home/xmbforum.com/www/htdocs/xmb/images/xmb1b starstaff.gif
102.01.01 21:14 B c:\windows\desktop\ThemePack\xmb1b\u2u.gif <-- forums.xmbforum.com /home/xmbforum.com/www/htdocs/xmb/images/xmb1b u2u.gif
