2005.02.01 22:34 B C:\Documents and Settings\Ill\Desktop\reinvented\smilies\alien384.gif <-- gfxpad /public_html/forums/images/smilies alien384.gif
2005.02.01 22:34 B C:\Documents and Settings\Ill\Desktop\reinvented\smilies\alien8.gif <-- gfxpad /public_html/forums/images/smilies alien8.gif
2005.02.01 22:34 B C:\Documents and Settings\Ill\Desktop\reinvented\smilies\angel.gif <-- gfxpad /public_html/forums/images/smilies angel.gif
2005.02.01 22:34 B C:\Documents and Settings\Ill\Desktop\reinvented\smilies\baddevil.gif <-- gfxpad /public_html/forums/images/smilies baddevil.gif
2005.02.01 22:34 B C:\Documents and Settings\Ill\Desktop\reinvented\smilies\bald.gif <-- gfxpad /public_html/forums/images/smilies bald.gif
2005.02.01 22:34 B C:\Documents and Settings\Ill\Desktop\reinvented\smilies\barfy.gif <-- gfxpad /public_html/forums/images/smilies barfy.gif
2005.02.01 22:34 B C:\Documents and Settings\Ill\Desktop\reinvented\smilies\bbrules.gif <-- gfxpad /public_html/forums/images/smilies bbrules.gif
2005.02.01 22:34 B C:\Documents and Settings\Ill\Desktop\reinvented\smilies\biggrin.gif <-- gfxpad /public_html/forums/images/smilies biggrin.gif
2005.02.01 22:34 B C:\Documents and Settings\Ill\Desktop\reinvented\smilies\bigsmile.gif <-- gfxpad /public_html/forums/images/smilies bigsmile.gif
2005.02.01 22:34 B C:\Documents and Settings\Ill\Desktop\reinvented\smilies\bird.gif <-- gfxpad /public_html/forums/images/smilies bird.gif
2005.02.01 22:34 B C:\Documents and Settings\Ill\Desktop\reinvented\smilies\bisou.gif <-- gfxpad /public_html/forums/images/smilies bisou.gif
2005.02.01 22:34 B C:\Documents and Settings\Ill\Desktop\reinvented\smilies\blah.gif <-- gfxpad /public_html/forums/images/smilies blah.gif
2005.02.01 22:34 B C:\Documents and Settings\Ill\Desktop\reinvented\smilies\borg.gif <-- gfxpad /public_html/forums/images/smilies borg.gif
2005.02.01 22:34 B C:\Documents and Settings\Ill\Desktop\reinvented\smilies\bouncing.gif <-- gfxpad /public_html/forums/images/smilies bouncing.gif
2005.02.01 22:34 B C:\Documents and Settings\Ill\Desktop\reinvented\smilies\bouncy.gif <-- gfxpad /public_html/forums/images/smilies bouncy.gif
2005.02.01 22:34 B C:\Documents and Settings\Ill\Desktop\reinvented\smilies\cool.gif <-- gfxpad /public_html/forums/images/smilies cool.gif
2005.02.01 22:34 B C:\Documents and Settings\Ill\Desktop\reinvented\smilies\cool2.gif <-- gfxpad /public_html/forums/images/smilies cool2.gif
2005.02.01 22:34 B C:\Documents and Settings\Ill\Desktop\reinvented\smilies\cool_rsvd.gif <-- gfxpad /public_html/forums/images/smilies cool_rsvd.gif
2005.02.01 22:34 B C:\Documents and Settings\Ill\Desktop\reinvented\smilies\cul.gif <-- gfxpad /public_html/forums/images/smilies cul.gif
2005.02.01 22:34 B C:\Documents and Settings\Ill\Desktop\reinvented\smilies\cussing.gif <-- gfxpad /public_html/forums/images/smilies cussing.gif
2005.02.01 22:34 B C:\Documents and Settings\Ill\Desktop\reinvented\smilies\die.gif <-- gfxpad /public_html/forums/images/smilies die.gif
2005.02.01 22:34 B C:\Documents and Settings\Ill\Desktop\reinvented\smilies\drool.gif <-- gfxpad /public_html/forums/images/smilies drool.gif
2005.02.01 22:34 B C:\Documents and Settings\Ill\Desktop\reinvented\smilies\duh.gif <-- gfxpad /public_html/forums/images/smilies duh.gif
2005.02.01 22:34 B C:\Documents and Settings\Ill\Desktop\reinvented\smilies\embaressed.gif <-- gfxpad /public_html/forums/images/smilies embaressed.gif
2005.02.01 22:34 B C:\Documents and Settings\Ill\Desktop\reinvented\smilies\equal.gif <-- gfxpad /public_html/forums/images/smilies equal.gif
2005.02.01 22:34 B C:\Documents and Settings\Ill\Desktop\reinvented\smilies\eureka.gif <-- gfxpad /public_html/forums/images/smilies eureka.gif
2005.02.01 22:34 B C:\Documents and Settings\Ill\Desktop\reinvented\smilies\evilgrin.gif <-- gfxpad /public_html/forums/images/smilies evilgrin.gif
2005.02.01 22:34 B C:\Documents and Settings\Ill\Desktop\reinvented\smilies\exclamation.gif <-- gfxpad /public_html/forums/images/smilies exclamation.gif
2005.02.01 22:34 B C:\Documents and Settings\Ill\Desktop\reinvented\smilies\flaming.gif <-- gfxpad /public_html/forums/images/smilies flaming.gif
2005.02.01 22:34 B C:\Documents and Settings\Ill\Desktop\reinvented\smilies\flipa.gif <-- gfxpad /public_html/forums/images/smilies flipa.gif
2005.02.01 22:34 B C:\Documents and Settings\Ill\Desktop\reinvented\smilies\freak.gif <-- gfxpad /public_html/forums/images/smilies freak.gif
2005.02.01 22:34 B C:\Documents and Settings\Ill\Desktop\reinvented\smilies\frog.gif <-- gfxpad /public_html/forums/images/smilies frog.gif
2005.02.01 22:34 B C:\Documents and Settings\Ill\Desktop\reinvented\smilies\grin.gif <-- gfxpad /public_html/forums/images/smilies grin.gif
2005.02.01 22:34 B C:\Documents and Settings\Ill\Desktop\reinvented\smilies\heart.gif <-- gfxpad /public_html/forums/images/smilies heart.gif
2005.02.01 22:34 B C:\Documents and Settings\Ill\Desktop\reinvented\smilies\hop.gif <-- gfxpad /public_html/forums/images/smilies hop.gif
2005.02.01 22:34 B C:\Documents and Settings\Ill\Desktop\reinvented\smilies\index.html <-- gfxpad /public_html/forums/images/smilies index.html
2005.02.01 22:34 B C:\Documents and Settings\Ill\Desktop\reinvented\smilies\info.gif <-- gfxpad /public_html/forums/images/smilies info.gif
2005.02.01 22:34 B C:\Documents and Settings\Ill\Desktop\reinvented\smilies\karate.gif <-- gfxpad /public_html/forums/images/smilies karate.gif
2005.02.01 22:34 B C:\Documents and Settings\Ill\Desktop\reinvented\smilies\kiss.gif <-- gfxpad /public_html/forums/images/smilies kiss.gif
2005.02.01 22:34 B C:\Documents and Settings\Ill\Desktop\reinvented\smilies\left_arrow.gif <-- gfxpad /public_html/forums/images/smilies left_arrow.gif
2005.02.01 22:34 B C:\Documents and Settings\Ill\Desktop\reinvented\smilies\lol.gif <-- gfxpad /public_html/forums/images/smilies lol.gif
2005.02.01 22:34 B C:\Documents and Settings\Ill\Desktop\reinvented\smilies\love.gif <-- gfxpad /public_html/forums/images/smilies love.gif
2005.02.01 22:34 B C:\Documents and Settings\Ill\Desktop\reinvented\smilies\love_at_first.gif <-- gfxpad /public_html/forums/images/smilies love_at_first.gif
2005.02.01 22:34 B C:\Documents and Settings\Ill\Desktop\reinvented\smilies\mad.gif <-- gfxpad /public_html/forums/images/smilies mad.gif
2005.02.01 22:34 B C:\Documents and Settings\Ill\Desktop\reinvented\smilies\mecry.gif <-- gfxpad /public_html/forums/images/smilies mecry.gif
2005.02.01 22:34 B C:\Documents and Settings\Ill\Desktop\reinvented\smilies\money.gif <-- gfxpad /public_html/forums/images/smilies money.gif
2005.02.01 22:34 B C:\Documents and Settings\Ill\Desktop\reinvented\smilies\ninja.gif <-- gfxpad /public_html/forums/images/smilies ninja.gif
2005.02.01 22:34 B C:\Documents and Settings\Ill\Desktop\reinvented\smilies\no.gif <-- gfxpad /public_html/forums/images/smilies no.gif
2005.02.01 22:34 B C:\Documents and Settings\Ill\Desktop\reinvented\smilies\oink.gif <-- gfxpad /public_html/forums/images/smilies oink.gif
2005.02.01 22:34 B C:\Documents and Settings\Ill\Desktop\reinvented\smilies\online.gif <-- gfxpad /public_html/forums/images/smilies online.gif
2005.02.01 22:34 B C:\Documents and Settings\Ill\Desktop\reinvented\smilies\Peace.gif <-- gfxpad /public_html/forums/images/smilies Peace.gif
2005.02.01 22:34 B C:\Documents and Settings\Ill\Desktop\reinvented\smilies\pimp.gif <-- gfxpad /public_html/forums/images/smilies pimp.gif
2005.02.01 22:34 B C:\Documents and Settings\Ill\Desktop\reinvented\smilies\puzzled.gif <-- gfxpad /public_html/forums/images/smilies puzzled.gif
2005.02.01 22:34 B C:\Documents and Settings\Ill\Desktop\reinvented\smilies\question.gif <-- gfxpad /public_html/forums/images/smilies question.gif
2005.02.01 22:34 B C:\Documents and Settings\Ill\Desktop\reinvented\smilies\regan.gif <-- gfxpad /public_html/forums/images/smilies regan.gif
2005.02.01 22:34 B C:\Documents and Settings\Ill\Desktop\reinvented\smilies\right_arrow.gif <-- gfxpad /public_html/forums/images/smilies right_arrow.gif
2005.02.01 22:34 B C:\Documents and Settings\Ill\Desktop\reinvented\smilies\rodent.gif <-- gfxpad /public_html/forums/images/smilies rodent.gif
2005.02.01 22:34 B C:\Documents and Settings\Ill\Desktop\reinvented\smilies\rofl.gif <-- gfxpad /public_html/forums/images/smilies rofl.gif
2005.02.01 22:34 B C:\Documents and Settings\Ill\Desktop\reinvented\smilies\roll.gif <-- gfxpad /public_html/forums/images/smilies roll.gif
2005.02.01 22:34 B C:\Documents and Settings\Ill\Desktop\reinvented\smilies\rolleyes.gif <-- gfxpad /public_html/forums/images/smilies rolleyes.gif
2005.02.01 22:34 B C:\Documents and Settings\Ill\Desktop\reinvented\smilies\rules.gif <-- gfxpad /public_html/forums/images/smilies rules.gif
2005.02.01 22:34 B C:\Documents and Settings\Ill\Desktop\reinvented\smilies\sad.gif <-- gfxpad /public_html/forums/images/smilies sad.gif
2005.02.01 22:34 B C:\Documents and Settings\Ill\Desktop\reinvented\smilies\saint.gif <-- gfxpad /public_html/forums/images/smilies saint.gif
2005.02.01 22:34 B C:\Documents and Settings\Ill\Desktop\reinvented\smilies\saint2.gif <-- gfxpad /public_html/forums/images/smilies saint2.gif
2005.02.01 22:34 B C:\Documents and Settings\Ill\Desktop\reinvented\smilies\shocked.gif <-- gfxpad /public_html/forums/images/smilies shocked.gif
2005.02.01 22:34 B C:\Documents and Settings\Ill\Desktop\reinvented\smilies\shocked2.gif <-- gfxpad /public_html/forums/images/smilies shocked2.gif
2005.02.01 22:34 B C:\Documents and Settings\Ill\Desktop\reinvented\smilies\singing.gif <-- gfxpad /public_html/forums/images/smilies singing.gif
2005.02.01 22:34 B C:\Documents and Settings\Ill\Desktop\reinvented\smilies\sleep.gif <-- gfxpad /public_html/forums/images/smilies sleep.gif
2005.02.01 22:34 B C:\Documents and Settings\Ill\Desktop\reinvented\smilies\smile.gif <-- gfxpad /public_html/forums/images/smilies smile.gif
2005.02.01 22:34 B C:\Documents and Settings\Ill\Desktop\reinvented\smilies\smilegrin.gif <-- gfxpad /public_html/forums/images/smilies smilegrin.gif
2005.02.01 22:34 B C:\Documents and Settings\Ill\Desktop\reinvented\smilies\smug.gif <-- gfxpad /public_html/forums/images/smilies smug.gif
2005.02.01 22:34 B C:\Documents and Settings\Ill\Desktop\reinvented\smilies\smug_b.gif <-- gfxpad /public_html/forums/images/smilies smug_b.gif
2005.02.01 22:34 B C:\Documents and Settings\Ill\Desktop\reinvented\smilies\sniff.gif <-- gfxpad /public_html/forums/images/smilies sniff.gif
2005.02.01 22:34 B C:\Documents and Settings\Ill\Desktop\reinvented\smilies\snob.gif <-- gfxpad /public_html/forums/images/smilies snob.gif
2005.02.01 22:34 B C:\Documents and Settings\Ill\Desktop\reinvented\smilies\spawn.gif <-- gfxpad /public_html/forums/images/smilies spawn.gif
2005.02.01 22:34 B C:\Documents and Settings\Ill\Desktop\reinvented\smilies\spin.gif <-- gfxpad /public_html/forums/images/smilies spin.gif
2005.02.01 22:34 B C:\Documents and Settings\Ill\Desktop\reinvented\smilies\thumbdown.gif <-- gfxpad /public_html/forums/images/smilies thumbdown.gif
2005.02.01 22:41 B C:\Documents and Settings\Ill\Desktop\reinvented\smilies\thumbup.gif <-- gfxpad /public_html/forums/images/smilies thumbup.gif
2005.02.01 22:41 B C:\Documents and Settings\Ill\Desktop\reinvented\smilies\ticking.gif <-- gfxpad /public_html/forums/images/smilies ticking.gif
2005.02.01 22:41 B C:\Documents and Settings\Ill\Desktop\reinvented\smilies\tongue.gif <-- gfxpad /public_html/forums/images/smilies tongue.gif
2005.02.01 22:41 B C:\Documents and Settings\Ill\Desktop\reinvented\smilies\tumble.gif <-- gfxpad /public_html/forums/images/smilies tumble.gif
2005.02.01 22:41 B C:\Documents and Settings\Ill\Desktop\reinvented\smilies\umm.gif <-- gfxpad /public_html/forums/images/smilies umm.gif
2005.02.01 22:41 B C:\Documents and Settings\Ill\Desktop\reinvented\smilies\vomit.gif <-- gfxpad /public_html/forums/images/smilies vomit.gif
2005.02.01 22:41 B C:\Documents and Settings\Ill\Desktop\reinvented\smilies\wazzup.gif <-- gfxpad /public_html/forums/images/smilies wazzup.gif
2005.02.01 22:41 B C:\Documents and Settings\Ill\Desktop\reinvented\smilies\wink.gif <-- gfxpad /public_html/forums/images/smilies wink.gif
2005.02.01 22:41 B C:\Documents and Settings\Ill\Desktop\reinvented\smilies\wink1.gif <-- gfxpad /public_html/forums/images/smilies wink1.gif
2005.02.01 22:41 B C:\Documents and Settings\Ill\Desktop\reinvented\smilies\wink2.gif <-- gfxpad /public_html/forums/images/smilies wink2.gif
2005.02.01 22:41 B C:\Documents and Settings\Ill\Desktop\reinvented\smilies\wow.gif <-- gfxpad /public_html/forums/images/smilies wow.gif
2005.02.01 22:41 B C:\Documents and Settings\Ill\Desktop\reinvented\smilies\wtf.gif <-- gfxpad /public_html/forums/images/smilies wtf.gif
2005.02.01 22:41 B C:\Documents and Settings\Ill\Desktop\reinvented\smilies\xmb.gif <-- gfxpad /public_html/forums/images/smilies xmb.gif
2005.02.01 22:41 B C:\Documents and Settings\Ill\Desktop\reinvented\smilies\xmb_blue_rsvd.gif <-- gfxpad /public_html/forums/images/smilies xmb_blue_rsvd.gif
2005.02.01 22:41 B C:\Documents and Settings\Ill\Desktop\reinvented\smilies\xmb_green_rsvd.gif <-- gfxpad /public_html/forums/images/smilies xmb_green_rsvd.gif
2005.02.01 22:41 B C:\Documents and Settings\Ill\Desktop\reinvented\smilies\xmb_orange_rsvd.gif <-- gfxpad /public_html/forums/images/smilies xmb_orange_rsvd.gif
2005.02.01 22:41 B C:\Documents and Settings\Ill\Desktop\reinvented\smilies\xmb_purple_rsvd.gif <-- gfxpad /public_html/forums/images/smilies xmb_purple_rsvd.gif
2005.02.01 22:41 B C:\Documents and Settings\Ill\Desktop\reinvented\smilies\xmb_red_rsvd.gif <-- gfxpad /public_html/forums/images/smilies xmb_red_rsvd.gif
2005.02.01 22:41 B C:\Documents and Settings\Ill\Desktop\reinvented\smilies\xmb_rsvd.gif <-- gfxpad /public_html/forums/images/smilies xmb_rsvd.gif
2005.02.01 22:41 B C:\Documents and Settings\Ill\Desktop\reinvented\smilies\xmb_yellow_rsvd.gif <-- gfxpad /public_html/forums/images/smilies xmb_yellow_rsvd.gif
2005.02.01 22:41 B C:\Documents and Settings\Ill\Desktop\reinvented\smilies\yawn.gif <-- gfxpad /public_html/forums/images/smilies yawn.gif
2005.02.01 22:41 B C:\Documents and Settings\Ill\Desktop\reinvented\smilies\yes.gif <-- gfxpad /public_html/forums/images/smilies yes.gif
