102.01.01 21:14 B c:\windows\desktop\ThemePack\xmb2\arrow_dw.gif <-- forums.xmbforum.com /home/xmbforum.com/www/htdocs/xmb/images/xmb2 arrow_dw.gif
102.01.01 21:14 B c:\windows\desktop\ThemePack\xmb2\arrow_up.gif <-- forums.xmbforum.com /home/xmbforum.com/www/htdocs/xmb/images/xmb2 arrow_up.gif
102.01.01 21:14 B c:\windows\desktop\ThemePack\xmb2\background.gif <-- forums.xmbforum.com /home/xmbforum.com/www/htdocs/xmb/images/xmb2 background.gif
102.01.01 21:14 B c:\windows\desktop\ThemePack\xmb2\bb_bold.gif <-- forums.xmbforum.com /home/xmbforum.com/www/htdocs/xmb/images/xmb2 bb_bold.gif
102.01.01 21:14 B c:\windows\desktop\ThemePack\xmb2\bb_center.gif <-- forums.xmbforum.com /home/xmbforum.com/www/htdocs/xmb/images/xmb2 bb_center.gif
102.01.01 21:14 B c:\windows\desktop\ThemePack\xmb2\bb_code.gif <-- forums.xmbforum.com /home/xmbforum.com/www/htdocs/xmb/images/xmb2 bb_code.gif
102.01.01 21:14 B c:\windows\desktop\ThemePack\xmb2\bb_email.gif <-- forums.xmbforum.com /home/xmbforum.com/www/htdocs/xmb/images/xmb2 bb_email.gif
102.01.01 21:14 B c:\windows\desktop\ThemePack\xmb2\bb_image.gif <-- forums.xmbforum.com /home/xmbforum.com/www/htdocs/xmb/images/xmb2 bb_image.gif
102.01.01 21:14 B c:\windows\desktop\ThemePack\xmb2\bb_italicize.gif <-- forums.xmbforum.com /home/xmbforum.com/www/htdocs/xmb/images/xmb2 bb_italicize.gif
102.01.01 21:14 B c:\windows\desktop\ThemePack\xmb2\bb_list.gif <-- forums.xmbforum.com /home/xmbforum.com/www/htdocs/xmb/images/xmb2 bb_list.gif
102.01.01 21:14 B c:\windows\desktop\ThemePack\xmb2\bb_quote.gif <-- forums.xmbforum.com /home/xmbforum.com/www/htdocs/xmb/images/xmb2 bb_quote.gif
102.01.01 21:14 B c:\windows\desktop\ThemePack\xmb2\bb_underline.gif <-- forums.xmbforum.com /home/xmbforum.com/www/htdocs/xmb/images/xmb2 bb_underline.gif
102.01.01 21:14 B c:\windows\desktop\ThemePack\xmb2\bb_url.gif <-- forums.xmbforum.com /home/xmbforum.com/www/htdocs/xmb/images/xmb2 bb_url.gif
102.01.01 21:14 B c:\windows\desktop\ThemePack\xmb2\category2.jpg <-- forums.xmbforum.com /home/xmbforum.com/www/htdocs/xmb/images/xmb2 category2.jpg
102.01.01 21:14 B c:\windows\desktop\ThemePack\xmb2\category3.jpg <-- forums.xmbforum.com /home/xmbforum.com/www/htdocs/xmb/images/xmb2 category3.jpg
102.01.01 21:14 B c:\windows\desktop\ThemePack\xmb2\dot_folder.gif <-- forums.xmbforum.com /home/xmbforum.com/www/htdocs/xmb/images/xmb2 dot_folder.gif
102.01.01 21:14 B c:\windows\desktop\ThemePack\xmb2\dot_hot_folder.gif <-- forums.xmbforum.com /home/xmbforum.com/www/htdocs/xmb/images/xmb2 dot_hot_folder.gif
102.01.01 21:14 B c:\windows\desktop\ThemePack\xmb2\dot_hot_red_folder.gif <-- forums.xmbforum.com /home/xmbforum.com/www/htdocs/xmb/images/xmb2 dot_hot_red_folder.gif
102.01.01 21:14 B c:\windows\desktop\ThemePack\xmb2\dot_red_folder.gif <-- forums.xmbforum.com /home/xmbforum.com/www/htdocs/xmb/images/xmb2 dot_red_folder.gif
102.01.01 21:14 B c:\windows\desktop\ThemePack\xmb2\edit.gif <-- forums.xmbforum.com /home/xmbforum.com/www/htdocs/xmb/images/xmb2 edit.gif
102.01.01 21:14 B c:\windows\desktop\ThemePack\xmb2\email.gif <-- forums.xmbforum.com /home/xmbforum.com/www/htdocs/xmb/images/xmb2 email.gif
102.01.01 21:14 B c:\windows\desktop\ThemePack\xmb2\find.gif <-- forums.xmbforum.com /home/xmbforum.com/www/htdocs/xmb/images/xmb2 find.gif
102.01.01 21:14 B c:\windows\desktop\ThemePack\xmb2\folder.gif <-- forums.xmbforum.com /home/xmbforum.com/www/htdocs/xmb/images/xmb2 folder.gif
102.01.01 21:14 B c:\windows\desktop\ThemePack\xmb2\hot_folder.gif <-- forums.xmbforum.com /home/xmbforum.com/www/htdocs/xmb/images/xmb2 hot_folder.gif
102.01.01 21:14 B c:\windows\desktop\ThemePack\xmb2\hot_red_folder.gif <-- forums.xmbforum.com /home/xmbforum.com/www/htdocs/xmb/images/xmb2 hot_red_folder.gif
102.01.01 21:14 B c:\windows\desktop\ThemePack\xmb2\ip.gif <-- forums.xmbforum.com /home/xmbforum.com/www/htdocs/xmb/images/xmb2 ip.gif
102.01.01 21:14 B c:\windows\desktop\ThemePack\xmb2\lastpost.gif <-- forums.xmbforum.com /home/xmbforum.com/www/htdocs/xmb/images/xmb2 lastpost.gif
102.01.01 21:14 B c:\windows\desktop\ThemePack\xmb2\lock_folder.gif <-- forums.xmbforum.com /home/xmbforum.com/www/htdocs/xmb/images/xmb2 lock_folder.gif
102.01.01 21:14 B c:\windows\desktop\ThemePack\xmb2\logo1.gif <-- forums.xmbforum.com /home/xmbforum.com/www/htdocs/xmb/images/xmb2 logo1.gif
102.01.01 21:14 B c:\windows\desktop\ThemePack\xmb2\newtopic.gif <-- forums.xmbforum.com /home/xmbforum.com/www/htdocs/xmb/images/xmb2 newtopic.gif
102.01.01 21:14 B c:\windows\desktop\ThemePack\xmb2\online.gif <-- forums.xmbforum.com /home/xmbforum.com/www/htdocs/xmb/images/xmb2 online.gif
102.01.01 21:14 B c:\windows\desktop\ThemePack\xmb2\pin.gif <-- forums.xmbforum.com /home/xmbforum.com/www/htdocs/xmb/images/xmb2 pin.gif
102.01.01 21:14 B c:\windows\desktop\ThemePack\xmb2\poll.gif <-- forums.xmbforum.com /home/xmbforum.com/www/htdocs/xmb/images/xmb2 poll.gif
102.01.01 21:14 B c:\windows\desktop\ThemePack\xmb2\pollbar-e.gif <-- forums.xmbforum.com /home/xmbforum.com/www/htdocs/xmb/images/xmb2 pollbar-e.gif
102.01.01 21:14 B c:\windows\desktop\ThemePack\xmb2\pollbar-s.gif <-- forums.xmbforum.com /home/xmbforum.com/www/htdocs/xmb/images/xmb2 pollbar-s.gif
102.01.01 21:14 B c:\windows\desktop\ThemePack\xmb2\pollbar.gif <-- forums.xmbforum.com /home/xmbforum.com/www/htdocs/xmb/images/xmb2 pollbar.gif
102.01.01 21:14 B c:\windows\desktop\ThemePack\xmb2\pollsmall.gif <-- forums.xmbforum.com /home/xmbforum.com/www/htdocs/xmb/images/xmb2 pollsmall.gif
102.01.01 21:14 B c:\windows\desktop\ThemePack\xmb2\powered.gif <-- forums.xmbforum.com /home/xmbforum.com/www/htdocs/xmb/images/xmb2 powered.gif
102.01.01 21:14 B c:\windows\desktop\ThemePack\xmb2\profile.gif <-- forums.xmbforum.com /home/xmbforum.com/www/htdocs/xmb/images/xmb2 profile.gif
102.01.01 21:14 B c:\windows\desktop\ThemePack\xmb2\quote.gif <-- forums.xmbforum.com /home/xmbforum.com/www/htdocs/xmb/images/xmb2 quote.gif
102.01.01 21:14 B c:\windows\desktop\ThemePack\xmb2\red_folder.gif <-- forums.xmbforum.com /home/xmbforum.com/www/htdocs/xmb/images/xmb2 red_folder.gif
102.01.01 21:14 B c:\windows\desktop\ThemePack\xmb2\reply.gif <-- forums.xmbforum.com /home/xmbforum.com/www/htdocs/xmb/images/xmb2 reply.gif
102.01.01 21:14 B c:\windows\desktop\ThemePack\xmb2\report.gif <-- forums.xmbforum.com /home/xmbforum.com/www/htdocs/xmb/images/xmb2 report.gif
102.01.01 21:14 B c:\windows\desktop\ThemePack\xmb2\site.gif <-- forums.xmbforum.com /home/xmbforum.com/www/htdocs/xmb/images/xmb2 site.gif
102.01.01 21:14 B c:\windows\desktop\ThemePack\xmb2\star.gif <-- forums.xmbforum.com /home/xmbforum.com/www/htdocs/xmb/images/xmb2 star.gif
102.01.01 21:14 B c:\windows\desktop\ThemePack\xmb2\starstaff.gif <-- forums.xmbforum.com /home/xmbforum.com/www/htdocs/xmb/images/xmb2 starstaff.gif
102.01.01 21:14 B c:\windows\desktop\ThemePack\xmb2\u2u.gif <-- forums.xmbforum.com /home/xmbforum.com/www/htdocs/xmb/images/xmb2 u2u.gif
