102.01.01 21:13 B c:\windows\desktop\ThemePack\xmb12\arrow_dw.gif <-- forums.xmbforum.com /home/xmbforum.com/www/htdocs/xmb/images/xmb12 arrow_dw.gif
102.01.01 21:13 B c:\windows\desktop\ThemePack\xmb12\arrow_up.gif <-- forums.xmbforum.com /home/xmbforum.com/www/htdocs/xmb/images/xmb12 arrow_up.gif
102.01.01 21:13 B c:\windows\desktop\ThemePack\xmb12\background.gif <-- forums.xmbforum.com /home/xmbforum.com/www/htdocs/xmb/images/xmb12 background.gif
102.01.01 21:13 B c:\windows\desktop\ThemePack\xmb12\backgroundb.gif <-- forums.xmbforum.com /home/xmbforum.com/www/htdocs/xmb/images/xmb12 backgroundb.gif
102.01.01 21:13 B c:\windows\desktop\ThemePack\xmb12\bb_bold.gif <-- forums.xmbforum.com /home/xmbforum.com/www/htdocs/xmb/images/xmb12 bb_bold.gif
102.01.01 21:13 B c:\windows\desktop\ThemePack\xmb12\bb_code.gif <-- forums.xmbforum.com /home/xmbforum.com/www/htdocs/xmb/images/xmb12 bb_code.gif
102.01.01 21:13 B c:\windows\desktop\ThemePack\xmb12\bb_email.gif <-- forums.xmbforum.com /home/xmbforum.com/www/htdocs/xmb/images/xmb12 bb_email.gif
102.01.01 21:13 B c:\windows\desktop\ThemePack\xmb12\bb_image.gif <-- forums.xmbforum.com /home/xmbforum.com/www/htdocs/xmb/images/xmb12 bb_image.gif
102.01.01 21:13 B c:\windows\desktop\ThemePack\xmb12\bb_italicize.gif <-- forums.xmbforum.com /home/xmbforum.com/www/htdocs/xmb/images/xmb12 bb_italicize.gif
102.01.01 21:13 B c:\windows\desktop\ThemePack\xmb12\bb_list.gif <-- forums.xmbforum.com /home/xmbforum.com/www/htdocs/xmb/images/xmb12 bb_list.gif
102.01.01 21:13 B c:\windows\desktop\ThemePack\xmb12\bb_quote.gif <-- forums.xmbforum.com /home/xmbforum.com/www/htdocs/xmb/images/xmb12 bb_quote.gif
102.01.01 21:13 B c:\windows\desktop\ThemePack\xmb12\bb_underline.gif <-- forums.xmbforum.com /home/xmbforum.com/www/htdocs/xmb/images/xmb12 bb_underline.gif
102.01.01 21:13 B c:\windows\desktop\ThemePack\xmb12\bb_url.gif <-- forums.xmbforum.com /home/xmbforum.com/www/htdocs/xmb/images/xmb12 bb_url.gif
102.01.01 21:13 B c:\windows\desktop\ThemePack\xmb12\buddy.gif <-- forums.xmbforum.com /home/xmbforum.com/www/htdocs/xmb/images/xmb12 buddy.gif
102.01.01 21:13 B c:\windows\desktop\ThemePack\xmb12\category1.jpg <-- forums.xmbforum.com /home/xmbforum.com/www/htdocs/xmb/images/xmb12 category1.jpg
102.01.01 21:13 B c:\windows\desktop\ThemePack\xmb12\edit.gif <-- forums.xmbforum.com /home/xmbforum.com/www/htdocs/xmb/images/xmb12 edit.gif
102.01.01 21:13 B c:\windows\desktop\ThemePack\xmb12\email.gif <-- forums.xmbforum.com /home/xmbforum.com/www/htdocs/xmb/images/xmb12 email.gif
102.01.01 21:13 B c:\windows\desktop\ThemePack\xmb12\find.gif <-- forums.xmbforum.com /home/xmbforum.com/www/htdocs/xmb/images/xmb12 find.gif
102.01.01 21:13 B c:\windows\desktop\ThemePack\xmb12\folder.gif <-- forums.xmbforum.com /home/xmbforum.com/www/htdocs/xmb/images/xmb12 folder.gif
102.01.01 21:13 B c:\windows\desktop\ThemePack\xmb12\hot_folder.gif <-- forums.xmbforum.com /home/xmbforum.com/www/htdocs/xmb/images/xmb12 hot_folder.gif
102.01.01 21:13 B c:\windows\desktop\ThemePack\xmb12\hot_red_folder.gif <-- forums.xmbforum.com /home/xmbforum.com/www/htdocs/xmb/images/xmb12 hot_red_folder.gif
102.01.01 21:13 B c:\windows\desktop\ThemePack\xmb12\ip.gif <-- forums.xmbforum.com /home/xmbforum.com/www/htdocs/xmb/images/xmb12 ip.gif
102.01.01 21:13 B c:\windows\desktop\ThemePack\xmb12\lock_folder.gif <-- forums.xmbforum.com /home/xmbforum.com/www/htdocs/xmb/images/xmb12 lock_folder.gif
102.01.01 21:13 B c:\windows\desktop\ThemePack\xmb12\logo.swf <-- forums.xmbforum.com /home/xmbforum.com/www/htdocs/xmb/images/xmb12 logo.swf
102.01.01 21:13 B c:\windows\desktop\ThemePack\xmb12\logo1.gif <-- forums.xmbforum.com /home/xmbforum.com/www/htdocs/xmb/images/xmb12 logo1.gif
102.01.01 21:13 B c:\windows\desktop\ThemePack\xmb12\logo1.jpg <-- forums.xmbforum.com /home/xmbforum.com/www/htdocs/xmb/images/xmb12 logo1.jpg
102.01.01 21:13 B c:\windows\desktop\ThemePack\xmb12\logo_xp.gif <-- forums.xmbforum.com /home/xmbforum.com/www/htdocs/xmb/images/xmb12 logo_xp.gif
102.01.01 21:13 B c:\windows\desktop\ThemePack\xmb12\newtopic.gif <-- forums.xmbforum.com /home/xmbforum.com/www/htdocs/xmb/images/xmb12 newtopic.gif
102.01.01 21:13 B c:\windows\desktop\ThemePack\xmb12\online.gif <-- forums.xmbforum.com /home/xmbforum.com/www/htdocs/xmb/images/xmb12 online.gif
102.01.01 21:13 B c:\windows\desktop\ThemePack\xmb12\pin.gif <-- forums.xmbforum.com /home/xmbforum.com/www/htdocs/xmb/images/xmb12 pin.gif
102.01.01 21:13 B c:\windows\desktop\ThemePack\xmb12\poll.gif <-- forums.xmbforum.com /home/xmbforum.com/www/htdocs/xmb/images/xmb12 poll.gif
102.01.01 21:13 B c:\windows\desktop\ThemePack\xmb12\pollbar-e.gif <-- forums.xmbforum.com /home/xmbforum.com/www/htdocs/xmb/images/xmb12 pollbar-e.gif
102.01.01 21:13 B c:\windows\desktop\ThemePack\xmb12\pollbar-s.gif <-- forums.xmbforum.com /home/xmbforum.com/www/htdocs/xmb/images/xmb12 pollbar-s.gif
102.01.01 21:13 B c:\windows\desktop\ThemePack\xmb12\pollbar.gif <-- forums.xmbforum.com /home/xmbforum.com/www/htdocs/xmb/images/xmb12 pollbar.gif
102.01.01 21:13 B c:\windows\desktop\ThemePack\xmb12\pollsmall.gif <-- forums.xmbforum.com /home/xmbforum.com/www/htdocs/xmb/images/xmb12 pollsmall.gif
102.01.01 21:13 B c:\windows\desktop\ThemePack\xmb12\powered.gif <-- forums.xmbforum.com /home/xmbforum.com/www/htdocs/xmb/images/xmb12 powered.gif
102.01.01 21:13 B c:\windows\desktop\ThemePack\xmb12\profile.gif <-- forums.xmbforum.com /home/xmbforum.com/www/htdocs/xmb/images/xmb12 profile.gif
102.01.01 21:13 B c:\windows\desktop\ThemePack\xmb12\quote.gif <-- forums.xmbforum.com /home/xmbforum.com/www/htdocs/xmb/images/xmb12 quote.gif
102.01.01 21:13 B c:\windows\desktop\ThemePack\xmb12\red_folder.gif <-- forums.xmbforum.com /home/xmbforum.com/www/htdocs/xmb/images/xmb12 red_folder.gif
102.01.01 21:13 B c:\windows\desktop\ThemePack\xmb12\reply.gif <-- forums.xmbforum.com /home/xmbforum.com/www/htdocs/xmb/images/xmb12 reply.gif
102.01.01 21:13 B c:\windows\desktop\ThemePack\xmb12\report.gif <-- forums.xmbforum.com /home/xmbforum.com/www/htdocs/xmb/images/xmb12 report.gif
102.01.01 21:13 B c:\windows\desktop\ThemePack\xmb12\site.gif <-- forums.xmbforum.com /home/xmbforum.com/www/htdocs/xmb/images/xmb12 site.gif
102.01.01 21:13 B c:\windows\desktop\ThemePack\xmb12\star.gif <-- forums.xmbforum.com /home/xmbforum.com/www/htdocs/xmb/images/xmb12 star.gif
102.01.01 21:13 B c:\windows\desktop\ThemePack\xmb12\starstaff.gif <-- forums.xmbforum.com /home/xmbforum.com/www/htdocs/xmb/images/xmb12 starstaff.gif
102.01.01 21:13 B c:\windows\desktop\ThemePack\xmb12\u2u.gif <-- forums.xmbforum.com /home/xmbforum.com/www/htdocs/xmb/images/xmb12 u2u.gif
