A D/Mystic////
A D/XBox////
A D/admin////
A D/avatars////
A D/aventure////
A D/aventure_light////
A D/barcode////
A D/calm////
A D/christmas////
A D/corporate////
A D/deepblue////
A D/designx////
A D/greenwave////
A D/greyalliance////
A D/iconic////
A D/mac////
A D/metalstyle////
A D/oldage////
A D/onepoint9////
A D/reborn////
A D/redwave////
A D/reinvented////
A D/silentblue////
A D/smilies////
A D/xmb1////
A D/xmb1b////
A D/xmb2////
A D/xmb2b////
A D/xmb3////
A D/xmb4////
A D/xmb7////
A D/xmbforum////
A D/xp////
A D/xpblue////
A D/xpolive////
A D/xpsilver////
R D/xpolive////
R D/xpblue////
R D/xp////
R D/xmbforum////
R D/xmb7////
R D/xmb4////
R D/xmb3////
R D/xmb2b////
R D/xmb2////
R D/xmb1b////
R D/xmb1////
R D/smilies////
R D/silentblue////
R D/reinvented////
R D/redwave////
R D/reborn////
R D/oldage////
R D/metalstyle////
R D/mac////
R D/greyalliance////
R D/greenwave////
R D/designx////
R D/deepblue////
R D/christmas////
R D/calm////
R D/barcode////
R D/aventure_light////
R D/aventure////
R D/XBox////
R D/Mystic////
