102.01.01 21:13 B c:\windows\desktop\ThemePack\grunge\arrow_dw.gif <-- forums.xmbforum.com /home/xmbforum.com/www/htdocs/xmb/images/grunge arrow_dw.gif
102.01.01 21:13 B c:\windows\desktop\ThemePack\grunge\arrow_up.gif <-- forums.xmbforum.com /home/xmbforum.com/www/htdocs/xmb/images/grunge arrow_up.gif
102.01.01 21:13 B c:\windows\desktop\ThemePack\grunge\background.jpg <-- forums.xmbforum.com /home/xmbforum.com/www/htdocs/xmb/images/grunge background.jpg
102.01.01 21:13 B c:\windows\desktop\ThemePack\grunge\bb_bold.gif <-- forums.xmbforum.com /home/xmbforum.com/www/htdocs/xmb/images/grunge bb_bold.gif
102.01.01 21:13 B c:\windows\desktop\ThemePack\grunge\bb_center.gif <-- forums.xmbforum.com /home/xmbforum.com/www/htdocs/xmb/images/grunge bb_center.gif
102.01.01 21:13 B c:\windows\desktop\ThemePack\grunge\bb_code.gif <-- forums.xmbforum.com /home/xmbforum.com/www/htdocs/xmb/images/grunge bb_code.gif
102.01.01 21:13 B c:\windows\desktop\ThemePack\grunge\bb_email.gif <-- forums.xmbforum.com /home/xmbforum.com/www/htdocs/xmb/images/grunge bb_email.gif
102.01.01 21:13 B c:\windows\desktop\ThemePack\grunge\bb_image.gif <-- forums.xmbforum.com /home/xmbforum.com/www/htdocs/xmb/images/grunge bb_image.gif
102.01.01 21:13 B c:\windows\desktop\ThemePack\grunge\bb_italicize.gif <-- forums.xmbforum.com /home/xmbforum.com/www/htdocs/xmb/images/grunge bb_italicize.gif
102.01.01 21:13 B c:\windows\desktop\ThemePack\grunge\bb_list.gif <-- forums.xmbforum.com /home/xmbforum.com/www/htdocs/xmb/images/grunge bb_list.gif
102.01.01 21:13 B c:\windows\desktop\ThemePack\grunge\bb_quote.gif <-- forums.xmbforum.com /home/xmbforum.com/www/htdocs/xmb/images/grunge bb_quote.gif
102.01.01 21:13 B c:\windows\desktop\ThemePack\grunge\bb_underline.gif <-- forums.xmbforum.com /home/xmbforum.com/www/htdocs/xmb/images/grunge bb_underline.gif
102.01.01 21:13 B c:\windows\desktop\ThemePack\grunge\bb_url.gif <-- forums.xmbforum.com /home/xmbforum.com/www/htdocs/xmb/images/grunge bb_url.gif
102.01.01 21:13 B c:\windows\desktop\ThemePack\grunge\buddy.gif <-- forums.xmbforum.com /home/xmbforum.com/www/htdocs/xmb/images/grunge buddy.gif
102.01.01 21:13 B c:\windows\desktop\ThemePack\grunge\edit.gif <-- forums.xmbforum.com /home/xmbforum.com/www/htdocs/xmb/images/grunge edit.gif
102.01.01 21:13 B c:\windows\desktop\ThemePack\grunge\email.gif <-- forums.xmbforum.com /home/xmbforum.com/www/htdocs/xmb/images/grunge email.gif
102.01.01 21:13 B c:\windows\desktop\ThemePack\grunge\find.gif <-- forums.xmbforum.com /home/xmbforum.com/www/htdocs/xmb/images/grunge find.gif
102.01.01 21:13 B c:\windows\desktop\ThemePack\grunge\folder.gif <-- forums.xmbforum.com /home/xmbforum.com/www/htdocs/xmb/images/grunge folder.gif
102.01.01 21:13 B c:\windows\desktop\ThemePack\grunge\hot_folder.gif <-- forums.xmbforum.com /home/xmbforum.com/www/htdocs/xmb/images/grunge hot_folder.gif
102.01.01 21:13 B c:\windows\desktop\ThemePack\grunge\hot_red_folder.gif <-- forums.xmbforum.com /home/xmbforum.com/www/htdocs/xmb/images/grunge hot_red_folder.gif
102.01.01 21:13 B c:\windows\desktop\ThemePack\grunge\ip.gif <-- forums.xmbforum.com /home/xmbforum.com/www/htdocs/xmb/images/grunge ip.gif
102.01.01 21:13 B c:\windows\desktop\ThemePack\grunge\lastpost.gif <-- forums.xmbforum.com /home/xmbforum.com/www/htdocs/xmb/images/grunge lastpost.gif
102.01.01 21:13 B c:\windows\desktop\ThemePack\grunge\lock_folder.gif <-- forums.xmbforum.com /home/xmbforum.com/www/htdocs/xmb/images/grunge lock_folder.gif
102.01.01 21:13 B c:\windows\desktop\ThemePack\grunge\newtopic.gif <-- forums.xmbforum.com /home/xmbforum.com/www/htdocs/xmb/images/grunge newtopic.gif
102.01.01 21:13 B c:\windows\desktop\ThemePack\grunge\newu2u.gif <-- forums.xmbforum.com /home/xmbforum.com/www/htdocs/xmb/images/grunge newu2u.gif
102.01.01 21:13 B c:\windows\desktop\ThemePack\grunge\online.gif <-- forums.xmbforum.com /home/xmbforum.com/www/htdocs/xmb/images/grunge online.gif
102.01.01 21:13 B c:\windows\desktop\ThemePack\grunge\pin.gif <-- forums.xmbforum.com /home/xmbforum.com/www/htdocs/xmb/images/grunge pin.gif
102.01.01 21:13 B c:\windows\desktop\ThemePack\grunge\pixel.gif <-- forums.xmbforum.com /home/xmbforum.com/www/htdocs/xmb/images/grunge pixel.gif
102.01.01 21:13 B c:\windows\desktop\ThemePack\grunge\poll.gif <-- forums.xmbforum.com /home/xmbforum.com/www/htdocs/xmb/images/grunge poll.gif
102.01.01 21:13 B c:\windows\desktop\ThemePack\grunge\pollbar-e.gif <-- forums.xmbforum.com /home/xmbforum.com/www/htdocs/xmb/images/grunge pollbar-e.gif
102.01.01 21:13 B c:\windows\desktop\ThemePack\grunge\pollbar-s.gif <-- forums.xmbforum.com /home/xmbforum.com/www/htdocs/xmb/images/grunge pollbar-s.gif
102.01.01 21:13 B c:\windows\desktop\ThemePack\grunge\pollbar.gif <-- forums.xmbforum.com /home/xmbforum.com/www/htdocs/xmb/images/grunge pollbar.gif
102.01.01 21:13 B c:\windows\desktop\ThemePack\grunge\polled.gif <-- forums.xmbforum.com /home/xmbforum.com/www/htdocs/xmb/images/grunge polled.gif
102.01.01 21:13 B c:\windows\desktop\ThemePack\grunge\profile.gif <-- forums.xmbforum.com /home/xmbforum.com/www/htdocs/xmb/images/grunge profile.gif
102.01.01 21:13 B c:\windows\desktop\ThemePack\grunge\quote.gif <-- forums.xmbforum.com /home/xmbforum.com/www/htdocs/xmb/images/grunge quote.gif
102.01.01 21:13 B c:\windows\desktop\ThemePack\grunge\red_folder.gif <-- forums.xmbforum.com /home/xmbforum.com/www/htdocs/xmb/images/grunge red_folder.gif
102.01.01 21:13 B c:\windows\desktop\ThemePack\grunge\reply.gif <-- forums.xmbforum.com /home/xmbforum.com/www/htdocs/xmb/images/grunge reply.gif
102.01.01 21:13 B c:\windows\desktop\ThemePack\grunge\report.gif <-- forums.xmbforum.com /home/xmbforum.com/www/htdocs/xmb/images/grunge report.gif
102.01.01 21:13 B c:\windows\desktop\ThemePack\grunge\site.gif <-- forums.xmbforum.com /home/xmbforum.com/www/htdocs/xmb/images/grunge site.gif
102.01.01 21:13 B c:\windows\desktop\ThemePack\grunge\star.gif <-- forums.xmbforum.com /home/xmbforum.com/www/htdocs/xmb/images/grunge star.gif
102.01.01 21:13 B c:\windows\desktop\ThemePack\grunge\u2u.gif <-- forums.xmbforum.com /home/xmbforum.com/www/htdocs/xmb/images/grunge u2u.gif
102.01.01 21:13 B c:\windows\desktop\ThemePack\grunge\xmb.gif <-- forums.xmbforum.com /home/xmbforum.com/www/htdocs/xmb/images/grunge xmb.gif
102.01.01 21:13 B c:\windows\desktop\ThemePack\grunge\xmb1.gif <-- forums.xmbforum.com /home/xmbforum.com/www/htdocs/xmb/images/grunge xmb1.gif
