102.01.01 21:15 B c:\windows\desktop\ThemePack\xp\aim.gif <-- forums.xmbforum.com /home/xmbforum.com/www/htdocs/xmb/images/xp aim.gif
102.01.01 21:15 B c:\windows\desktop\ThemePack\xp\arrow_dw.gif <-- forums.xmbforum.com /home/xmbforum.com/www/htdocs/xmb/images/xp arrow_dw.gif
102.01.01 21:15 B c:\windows\desktop\ThemePack\xp\arrow_up.gif <-- forums.xmbforum.com /home/xmbforum.com/www/htdocs/xmb/images/xp arrow_up.gif
102.01.01 21:15 B c:\windows\desktop\ThemePack\xp\bb_bold.gif <-- forums.xmbforum.com /home/xmbforum.com/www/htdocs/xmb/images/xp bb_bold.gif
102.01.01 21:15 B c:\windows\desktop\ThemePack\xp\bb_center.gif <-- forums.xmbforum.com /home/xmbforum.com/www/htdocs/xmb/images/xp bb_center.gif
102.01.01 21:15 B c:\windows\desktop\ThemePack\xp\bb_code.gif <-- forums.xmbforum.com /home/xmbforum.com/www/htdocs/xmb/images/xp bb_code.gif
102.01.01 21:15 B c:\windows\desktop\ThemePack\xp\bb_email.gif <-- forums.xmbforum.com /home/xmbforum.com/www/htdocs/xmb/images/xp bb_email.gif
102.01.01 21:15 B c:\windows\desktop\ThemePack\xp\bb_image.gif <-- forums.xmbforum.com /home/xmbforum.com/www/htdocs/xmb/images/xp bb_image.gif
102.01.01 21:15 B c:\windows\desktop\ThemePack\xp\bb_italicize.gif <-- forums.xmbforum.com /home/xmbforum.com/www/htdocs/xmb/images/xp bb_italicize.gif
102.01.01 21:15 B c:\windows\desktop\ThemePack\xp\bb_list.gif <-- forums.xmbforum.com /home/xmbforum.com/www/htdocs/xmb/images/xp bb_list.gif
102.01.01 21:15 B c:\windows\desktop\ThemePack\xp\bb_quote.gif <-- forums.xmbforum.com /home/xmbforum.com/www/htdocs/xmb/images/xp bb_quote.gif
102.01.01 21:15 B c:\windows\desktop\ThemePack\xp\bb_underline.gif <-- forums.xmbforum.com /home/xmbforum.com/www/htdocs/xmb/images/xp bb_underline.gif
102.01.01 21:15 B c:\windows\desktop\ThemePack\xp\bb_url.gif <-- forums.xmbforum.com /home/xmbforum.com/www/htdocs/xmb/images/xp bb_url.gif
102.01.01 21:16 B c:\windows\desktop\ThemePack\xp\buddy.gif <-- forums.xmbforum.com /home/xmbforum.com/www/htdocs/xmb/images/xp buddy.gif
102.01.01 21:16 B c:\windows\desktop\ThemePack\xp\christmas.jpg <-- forums.xmbforum.com /home/xmbforum.com/www/htdocs/xmb/images/xp christmas.jpg
102.01.01 21:16 B c:\windows\desktop\ThemePack\xp\dot_folder.gif <-- forums.xmbforum.com /home/xmbforum.com/www/htdocs/xmb/images/xp dot_folder.gif
102.01.01 21:16 B c:\windows\desktop\ThemePack\xp\dot_hot_folder.gif <-- forums.xmbforum.com /home/xmbforum.com/www/htdocs/xmb/images/xp dot_hot_folder.gif
102.01.01 21:16 B c:\windows\desktop\ThemePack\xp\dot_hot_red_folder.gif <-- forums.xmbforum.com /home/xmbforum.com/www/htdocs/xmb/images/xp dot_hot_red_folder.gif
102.01.01 21:16 B c:\windows\desktop\ThemePack\xp\dot_red_folder.gif <-- forums.xmbforum.com /home/xmbforum.com/www/htdocs/xmb/images/xp dot_red_folder.gif
102.01.01 21:16 B c:\windows\desktop\ThemePack\xp\edit.gif <-- forums.xmbforum.com /home/xmbforum.com/www/htdocs/xmb/images/xp edit.gif
102.01.01 21:16 B c:\windows\desktop\ThemePack\xp\email.gif <-- forums.xmbforum.com /home/xmbforum.com/www/htdocs/xmb/images/xp email.gif
102.01.01 21:16 B c:\windows\desktop\ThemePack\xp\find.gif <-- forums.xmbforum.com /home/xmbforum.com/www/htdocs/xmb/images/xp find.gif
102.01.01 21:16 B c:\windows\desktop\ThemePack\xp\folder-locked.gif <-- forums.xmbforum.com /home/xmbforum.com/www/htdocs/xmb/images/xp folder-locked.gif
102.01.01 21:16 B c:\windows\desktop\ThemePack\xp\folder-off.gif <-- forums.xmbforum.com /home/xmbforum.com/www/htdocs/xmb/images/xp folder-off.gif
102.01.01 21:16 B c:\windows\desktop\ThemePack\xp\folder-on.gif <-- forums.xmbforum.com /home/xmbforum.com/www/htdocs/xmb/images/xp folder-on.gif
102.01.01 21:16 B c:\windows\desktop\ThemePack\xp\folder.gif <-- forums.xmbforum.com /home/xmbforum.com/www/htdocs/xmb/images/xp folder.gif
102.01.01 21:16 B c:\windows\desktop\ThemePack\xp\gen-female.gif <-- forums.xmbforum.com /home/xmbforum.com/www/htdocs/xmb/images/xp gen-female.gif
102.01.01 21:16 B c:\windows\desktop\ThemePack\xp\gen-male.gif <-- forums.xmbforum.com /home/xmbforum.com/www/htdocs/xmb/images/xp gen-male.gif
102.01.01 21:16 B c:\windows\desktop\ThemePack\xp\gen-none.gif <-- forums.xmbforum.com /home/xmbforum.com/www/htdocs/xmb/images/xp gen-none.gif
102.01.01 21:16 B c:\windows\desktop\ThemePack\xp\gen-other.gif <-- forums.xmbforum.com /home/xmbforum.com/www/htdocs/xmb/images/xp gen-other.gif
102.01.01 21:16 B c:\windows\desktop\ThemePack\xp\hot_folder.gif <-- forums.xmbforum.com /home/xmbforum.com/www/htdocs/xmb/images/xp hot_folder.gif
102.01.01 21:16 B c:\windows\desktop\ThemePack\xp\hot_red_folder.gif <-- forums.xmbforum.com /home/xmbforum.com/www/htdocs/xmb/images/xp hot_red_folder.gif
102.01.01 21:16 B c:\windows\desktop\ThemePack\xp\icq.gif <-- forums.xmbforum.com /home/xmbforum.com/www/htdocs/xmb/images/xp icq.gif
102.01.01 21:16 B c:\windows\desktop\ThemePack\xp\ip.gif <-- forums.xmbforum.com /home/xmbforum.com/www/htdocs/xmb/images/xp ip.gif
102.01.01 21:16 B c:\windows\desktop\ThemePack\xp\lastpost.gif <-- forums.xmbforum.com /home/xmbforum.com/www/htdocs/xmb/images/xp lastpost.gif
102.01.01 21:16 B c:\windows\desktop\ThemePack\xp\lock_folder.gif <-- forums.xmbforum.com /home/xmbforum.com/www/htdocs/xmb/images/xp lock_folder.gif
102.01.01 21:16 B c:\windows\desktop\ThemePack\xp\logo1.gif <-- forums.xmbforum.com /home/xmbforum.com/www/htdocs/xmb/images/xp logo1.gif
102.01.01 21:16 B c:\windows\desktop\ThemePack\xp\logo1.jpg <-- forums.xmbforum.com /home/xmbforum.com/www/htdocs/xmb/images/xp logo1.jpg
102.01.01 21:16 B c:\windows\desktop\ThemePack\xp\logo15.jpg <-- forums.xmbforum.com /home/xmbforum.com/www/htdocs/xmb/images/xp logo15.jpg
102.01.01 21:16 B c:\windows\desktop\ThemePack\xp\msn.gif <-- forums.xmbforum.com /home/xmbforum.com/www/htdocs/xmb/images/xp msn.gif
102.01.01 21:16 B c:\windows\desktop\ThemePack\xp\newthread.gif <-- forums.xmbforum.com /home/xmbforum.com/www/htdocs/xmb/images/xp newthread.gif
102.01.01 21:16 B c:\windows\desktop\ThemePack\xp\newthread_old.gif <-- forums.xmbforum.com /home/xmbforum.com/www/htdocs/xmb/images/xp newthread_old.gif
102.01.01 21:16 B c:\windows\desktop\ThemePack\xp\newtopic.gif <-- forums.xmbforum.com /home/xmbforum.com/www/htdocs/xmb/images/xp newtopic.gif
102.01.01 21:16 B c:\windows\desktop\ThemePack\xp\newu2u.gif <-- forums.xmbforum.com /home/xmbforum.com/www/htdocs/xmb/images/xp newu2u.gif
102.01.01 21:16 B c:\windows\desktop\ThemePack\xp\online.gif <-- forums.xmbforum.com /home/xmbforum.com/www/htdocs/xmb/images/xp online.gif
102.01.01 21:16 B c:\windows\desktop\ThemePack\xp\pin.gif <-- forums.xmbforum.com /home/xmbforum.com/www/htdocs/xmb/images/xp pin.gif
102.01.01 21:16 B c:\windows\desktop\ThemePack\xp\pixel.gif <-- forums.xmbforum.com /home/xmbforum.com/www/htdocs/xmb/images/xp pixel.gif
102.01.01 21:16 B c:\windows\desktop\ThemePack\xp\poll.gif <-- forums.xmbforum.com /home/xmbforum.com/www/htdocs/xmb/images/xp poll.gif
102.01.01 21:16 B c:\windows\desktop\ThemePack\xp\pollbar-e.gif <-- forums.xmbforum.com /home/xmbforum.com/www/htdocs/xmb/images/xp pollbar-e.gif
102.01.01 21:16 B c:\windows\desktop\ThemePack\xp\pollbar-s.gif <-- forums.xmbforum.com /home/xmbforum.com/www/htdocs/xmb/images/xp pollbar-s.gif
102.01.01 21:16 B c:\windows\desktop\ThemePack\xp\pollbar.gif <-- forums.xmbforum.com /home/xmbforum.com/www/htdocs/xmb/images/xp pollbar.gif
102.01.01 21:16 B c:\windows\desktop\ThemePack\xp\powered.gif <-- forums.xmbforum.com /home/xmbforum.com/www/htdocs/xmb/images/xp powered.gif
102.01.01 21:16 B c:\windows\desktop\ThemePack\xp\profile.gif <-- forums.xmbforum.com /home/xmbforum.com/www/htdocs/xmb/images/xp profile.gif
102.01.01 21:16 B c:\windows\desktop\ThemePack\xp\quote.gif <-- forums.xmbforum.com /home/xmbforum.com/www/htdocs/xmb/images/xp quote.gif
102.01.01 21:16 B c:\windows\desktop\ThemePack\xp\red_folder.gif <-- forums.xmbforum.com /home/xmbforum.com/www/htdocs/xmb/images/xp red_folder.gif
102.01.01 21:16 B c:\windows\desktop\ThemePack\xp\reply.gif <-- forums.xmbforum.com /home/xmbforum.com/www/htdocs/xmb/images/xp reply.gif
102.01.01 21:16 B c:\windows\desktop\ThemePack\xp\report.gif <-- forums.xmbforum.com /home/xmbforum.com/www/htdocs/xmb/images/xp report.gif
102.01.01 21:16 B c:\windows\desktop\ThemePack\xp\site.gif <-- forums.xmbforum.com /home/xmbforum.com/www/htdocs/xmb/images/xp site.gif
102.01.01 21:16 B c:\windows\desktop\ThemePack\xp\snowflakes.gif <-- forums.xmbforum.com /home/xmbforum.com/www/htdocs/xmb/images/xp snowflakes.gif
102.01.01 21:16 B c:\windows\desktop\ThemePack\xp\star.gif <-- forums.xmbforum.com /home/xmbforum.com/www/htdocs/xmb/images/xp star.gif
102.01.01 21:16 B c:\windows\desktop\ThemePack\xp\startpoll.gif <-- forums.xmbforum.com /home/xmbforum.com/www/htdocs/xmb/images/xp startpoll.gif
102.01.01 21:16 B c:\windows\desktop\ThemePack\xp\u2u.gif <-- forums.xmbforum.com /home/xmbforum.com/www/htdocs/xmb/images/xp u2u.gif
102.01.01 21:16 B c:\windows\desktop\ThemePack\xp\wind.jpg <-- forums.xmbforum.com /home/xmbforum.com/www/htdocs/xmb/images/xp wind.jpg
