102.01.01 21:14 B c:\windows\desktop\ThemePack\xmb2b\arrow_dw.gif <-- forums.xmbforum.com /home/xmbforum.com/www/htdocs/xmb/images/xmb2b arrow_dw.gif
102.01.01 21:14 B c:\windows\desktop\ThemePack\xmb2b\arrow_up.gif <-- forums.xmbforum.com /home/xmbforum.com/www/htdocs/xmb/images/xmb2b arrow_up.gif
102.01.01 21:15 B c:\windows\desktop\ThemePack\xmb2b\background.jpg <-- forums.xmbforum.com /home/xmbforum.com/www/htdocs/xmb/images/xmb2b background.jpg
102.01.01 21:15 B c:\windows\desktop\ThemePack\xmb2b\bb_bold.gif <-- forums.xmbforum.com /home/xmbforum.com/www/htdocs/xmb/images/xmb2b bb_bold.gif
102.01.01 21:15 B c:\windows\desktop\ThemePack\xmb2b\bb_center.gif <-- forums.xmbforum.com /home/xmbforum.com/www/htdocs/xmb/images/xmb2b bb_center.gif
102.01.01 21:15 B c:\windows\desktop\ThemePack\xmb2b\bb_code.gif <-- forums.xmbforum.com /home/xmbforum.com/www/htdocs/xmb/images/xmb2b bb_code.gif
102.01.01 21:15 B c:\windows\desktop\ThemePack\xmb2b\bb_email.gif <-- forums.xmbforum.com /home/xmbforum.com/www/htdocs/xmb/images/xmb2b bb_email.gif
102.01.01 21:15 B c:\windows\desktop\ThemePack\xmb2b\bb_image.gif <-- forums.xmbforum.com /home/xmbforum.com/www/htdocs/xmb/images/xmb2b bb_image.gif
102.01.01 21:15 B c:\windows\desktop\ThemePack\xmb2b\bb_italicize.gif <-- forums.xmbforum.com /home/xmbforum.com/www/htdocs/xmb/images/xmb2b bb_italicize.gif
102.01.01 21:15 B c:\windows\desktop\ThemePack\xmb2b\bb_list.gif <-- forums.xmbforum.com /home/xmbforum.com/www/htdocs/xmb/images/xmb2b bb_list.gif
102.01.01 21:15 B c:\windows\desktop\ThemePack\xmb2b\bb_quote.gif <-- forums.xmbforum.com /home/xmbforum.com/www/htdocs/xmb/images/xmb2b bb_quote.gif
102.01.01 21:15 B c:\windows\desktop\ThemePack\xmb2b\bb_underline.gif <-- forums.xmbforum.com /home/xmbforum.com/www/htdocs/xmb/images/xmb2b bb_underline.gif
102.01.01 21:15 B c:\windows\desktop\ThemePack\xmb2b\bb_url.gif <-- forums.xmbforum.com /home/xmbforum.com/www/htdocs/xmb/images/xmb2b bb_url.gif
102.01.01 21:15 B c:\windows\desktop\ThemePack\xmb2b\category.jpg <-- forums.xmbforum.com /home/xmbforum.com/www/htdocs/xmb/images/xmb2b category.jpg
102.01.01 21:15 B c:\windows\desktop\ThemePack\xmb2b\dot_folder.gif <-- forums.xmbforum.com /home/xmbforum.com/www/htdocs/xmb/images/xmb2b dot_folder.gif
102.01.01 21:15 B c:\windows\desktop\ThemePack\xmb2b\dot_hot_folder.gif <-- forums.xmbforum.com /home/xmbforum.com/www/htdocs/xmb/images/xmb2b dot_hot_folder.gif
102.01.01 21:15 B c:\windows\desktop\ThemePack\xmb2b\dot_hot_red_folder.gif <-- forums.xmbforum.com /home/xmbforum.com/www/htdocs/xmb/images/xmb2b dot_hot_red_folder.gif
102.01.01 21:15 B c:\windows\desktop\ThemePack\xmb2b\dot_red_folder.gif <-- forums.xmbforum.com /home/xmbforum.com/www/htdocs/xmb/images/xmb2b dot_red_folder.gif
102.01.01 21:15 B c:\windows\desktop\ThemePack\xmb2b\edit.gif <-- forums.xmbforum.com /home/xmbforum.com/www/htdocs/xmb/images/xmb2b edit.gif
102.01.01 21:15 B c:\windows\desktop\ThemePack\xmb2b\email.gif <-- forums.xmbforum.com /home/xmbforum.com/www/htdocs/xmb/images/xmb2b email.gif
102.01.01 21:15 B c:\windows\desktop\ThemePack\xmb2b\find.gif <-- forums.xmbforum.com /home/xmbforum.com/www/htdocs/xmb/images/xmb2b find.gif
102.01.01 21:15 B c:\windows\desktop\ThemePack\xmb2b\folder.gif <-- forums.xmbforum.com /home/xmbforum.com/www/htdocs/xmb/images/xmb2b folder.gif
102.01.01 21:15 B c:\windows\desktop\ThemePack\xmb2b\hot_folder.gif <-- forums.xmbforum.com /home/xmbforum.com/www/htdocs/xmb/images/xmb2b hot_folder.gif
102.01.01 21:15 B c:\windows\desktop\ThemePack\xmb2b\hot_red_folder.gif <-- forums.xmbforum.com /home/xmbforum.com/www/htdocs/xmb/images/xmb2b hot_red_folder.gif
102.01.01 21:15 B c:\windows\desktop\ThemePack\xmb2b\ip.gif <-- forums.xmbforum.com /home/xmbforum.com/www/htdocs/xmb/images/xmb2b ip.gif
102.01.01 21:15 B c:\windows\desktop\ThemePack\xmb2b\lastpost.gif <-- forums.xmbforum.com /home/xmbforum.com/www/htdocs/xmb/images/xmb2b lastpost.gif
102.01.01 21:15 B c:\windows\desktop\ThemePack\xmb2b\lock_folder.gif <-- forums.xmbforum.com /home/xmbforum.com/www/htdocs/xmb/images/xmb2b lock_folder.gif
102.01.01 21:15 B c:\windows\desktop\ThemePack\xmb2b\logo.gif <-- forums.xmbforum.com /home/xmbforum.com/www/htdocs/xmb/images/xmb2b logo.gif
102.01.01 21:15 B c:\windows\desktop\ThemePack\xmb2b\logo.jpg <-- forums.xmbforum.com /home/xmbforum.com/www/htdocs/xmb/images/xmb2b logo.jpg
102.01.01 21:15 B c:\windows\desktop\ThemePack\xmb2b\logo.swf <-- forums.xmbforum.com /home/xmbforum.com/www/htdocs/xmb/images/xmb2b logo.swf
102.01.01 21:15 B c:\windows\desktop\ThemePack\xmb2b\logo1.gif <-- forums.xmbforum.com /home/xmbforum.com/www/htdocs/xmb/images/xmb2b logo1.gif
102.01.01 21:15 B c:\windows\desktop\ThemePack\xmb2b\newtopic.gif <-- forums.xmbforum.com /home/xmbforum.com/www/htdocs/xmb/images/xmb2b newtopic.gif
102.01.01 21:15 B c:\windows\desktop\ThemePack\xmb2b\online.gif <-- forums.xmbforum.com /home/xmbforum.com/www/htdocs/xmb/images/xmb2b online.gif
102.01.01 21:15 B c:\windows\desktop\ThemePack\xmb2b\pin.gif <-- forums.xmbforum.com /home/xmbforum.com/www/htdocs/xmb/images/xmb2b pin.gif
102.01.01 21:15 B c:\windows\desktop\ThemePack\xmb2b\poll.gif <-- forums.xmbforum.com /home/xmbforum.com/www/htdocs/xmb/images/xmb2b poll.gif
102.01.01 21:15 B c:\windows\desktop\ThemePack\xmb2b\pollbar-e.gif <-- forums.xmbforum.com /home/xmbforum.com/www/htdocs/xmb/images/xmb2b pollbar-e.gif
102.01.01 21:15 B c:\windows\desktop\ThemePack\xmb2b\pollbar-s.gif <-- forums.xmbforum.com /home/xmbforum.com/www/htdocs/xmb/images/xmb2b pollbar-s.gif
102.01.01 21:15 B c:\windows\desktop\ThemePack\xmb2b\pollbar.gif <-- forums.xmbforum.com /home/xmbforum.com/www/htdocs/xmb/images/xmb2b pollbar.gif
102.01.01 21:15 B c:\windows\desktop\ThemePack\xmb2b\pollsmall.gif <-- forums.xmbforum.com /home/xmbforum.com/www/htdocs/xmb/images/xmb2b pollsmall.gif
102.01.01 21:15 B c:\windows\desktop\ThemePack\xmb2b\powered.gif <-- forums.xmbforum.com /home/xmbforum.com/www/htdocs/xmb/images/xmb2b powered.gif
102.01.01 21:15 B c:\windows\desktop\ThemePack\xmb2b\profile.gif <-- forums.xmbforum.com /home/xmbforum.com/www/htdocs/xmb/images/xmb2b profile.gif
102.01.01 21:15 B c:\windows\desktop\ThemePack\xmb2b\quote.gif <-- forums.xmbforum.com /home/xmbforum.com/www/htdocs/xmb/images/xmb2b quote.gif
102.01.01 21:15 B c:\windows\desktop\ThemePack\xmb2b\red_folder.gif <-- forums.xmbforum.com /home/xmbforum.com/www/htdocs/xmb/images/xmb2b red_folder.gif
102.01.01 21:15 B c:\windows\desktop\ThemePack\xmb2b\reply.gif <-- forums.xmbforum.com /home/xmbforum.com/www/htdocs/xmb/images/xmb2b reply.gif
102.01.01 21:15 B c:\windows\desktop\ThemePack\xmb2b\report.gif <-- forums.xmbforum.com /home/xmbforum.com/www/htdocs/xmb/images/xmb2b report.gif
102.01.01 21:15 B c:\windows\desktop\ThemePack\xmb2b\site.gif <-- forums.xmbforum.com /home/xmbforum.com/www/htdocs/xmb/images/xmb2b site.gif
102.01.01 21:15 B c:\windows\desktop\ThemePack\xmb2b\star.gif <-- forums.xmbforum.com /home/xmbforum.com/www/htdocs/xmb/images/xmb2b star.gif
102.01.01 21:15 B c:\windows\desktop\ThemePack\xmb2b\starstaff.gif <-- forums.xmbforum.com /home/xmbforum.com/www/htdocs/xmb/images/xmb2b starstaff.gif
102.01.01 21:15 B c:\windows\desktop\ThemePack\xmb2b\u2u.gif <-- forums.xmbforum.com /home/xmbforum.com/www/htdocs/xmb/images/xmb2b u2u.gif
